<?xml version="1.0" encoding="UTF-8"?>
<testng-results total="1" passed="1" failed="0" skipped="0">
  <reporter-output>
  </reporter-output>
  <suite started-at="2021-02-12T19:43:12Z" name="Suite" finished-at="2021-02-12T19:43:20Z" duration-ms="7918">
    <groups>
    </groups>
    <test started-at="2021-02-12T19:43:12Z" name="Test" finished-at="2021-02-12T19:43:20Z" duration-ms="7918">
      <class name="com.todos.tests.AddTodoTest">
        <test-method is-config="true" signature="setupTest(java.lang.String)[pri:0, instance:com.todos.tests.AddTodoTest@28b46423]" started-at="2021-02-12T20:43:12Z" name="setupTest" finished-at="2021-02-12T20:43:19Z" duration-ms="6700" status="PASS">
          <params>
            <param index="0">
              <value>
                <![CDATA[chrome]]>
              </value>
            </param>
          </params>
          <reporter-output>
          </reporter-output>
        </test-method> <!-- setupTest -->
        <test-method signature="iCanAddTodo()[pri:0, instance:com.todos.tests.AddTodoTest@28b46423]" started-at="2021-02-12T20:43:19Z" name="iCanAddTodo" finished-at="2021-02-12T20:43:19Z" duration-ms="310" status="PASS">
          <reporter-output>
          </reporter-output>
        </test-method> <!-- iCanAddTodo -->
        <test-method is-config="true" signature="cleanTest()[pri:0, instance:com.todos.tests.AddTodoTest@28b46423]" started-at="2021-02-12T20:43:19Z" name="cleanTest" finished-at="2021-02-12T20:43:20Z" duration-ms="892" status="PASS">
          <reporter-output>
          </reporter-output>
        </test-method> <!-- cleanTest -->
      </class> <!-- com.todos.tests.AddTodoTest -->
    </test> <!-- Test -->
  </suite> <!-- Suite -->
</testng-results>
